<?xml version="1.0" encoding="UTF-8"?>
<!-- Generated by org.testng.reporters.JUnitReportReporter -->
<testsuite skipped="0" hostname="DESKTOP-VT9GI3E" name="DriverFactory.AppTest" tests="1" failures="0" timestamp="2022-03-23T22:43:29 IST" time="172.814" errors="0">
  <testcase name="kicStart" time="172.814" classname="DriverFactory.AppTest"/>
  <system-out/>
</testsuite> <!-- DriverFactory.AppTest -->
