<?xml version="1.0" encoding="UTF-8"?>
<!-- Generated by org.testng.reporters.JUnitReportReporter -->
<testsuite skipped="0" hostname="DESKTOP-9HD1UFT" name="DriverFactory.AppTest" tests="1" failures="0" timestamp="23 Mar 2022 13:05:04 GMT" time="59.444" errors="0">
  <testcase name="kicStart" time="59.444" classname="DriverFactory.AppTest"/>
</testsuite> <!-- DriverFactory.AppTest -->
